cl : 命令行 warning D9035: “Gm”选项已否决，并将在将来的版本中移除
  WSAStartupSingleton.cpp
  VitaIncludes.cpp
  VariadicSQLParser.cpp
  VariableListDeltaTracker.cpp
  VariableDeltaSerializer.cpp
  UDPProxyServer.cpp
  UDPProxyCoordinator.cpp
  UDPProxyClient.cpp
  UDPForwarder.cpp
  TwoWayAuthentication.cpp
  ThreadsafePacketLogger.cpp
  TelnetTransport.cpp
  TeamManager.cpp
  TeamBalancer.cpp
  TCPInterface.cpp
  TableSerializer.cpp
  SuperFastHash.cpp
  StringTable.cpp
  StringCompressor.cpp
  StatisticsHistory.cpp
  正在生成代码...
  正在编译...
  SocketLayer.cpp
  SimpleMutex.cpp
  SignaledEvent.cpp
  SendToThread.cpp
  SecureHandshake.cpp
  RPC4Plugin.cpp
  Router2.cpp
  ReplicaManager3.cpp
  ReliabilityLayer.cpp
  RelayPlugin.cpp
  ReadyEvent.cpp
  RandSync.cpp
  Rand.cpp
  RakWString.cpp
  RakThread.cpp
  RakString.cpp
  RakSleep.cpp
  RakPeer.cpp
  RakNetTypes.cpp
  RakNetTransport2.cpp
  正在生成代码...
  正在编译...
  RakNetStatistics.cpp
  RakNetSocket2_WindowsStore8.cpp
  RakNetSocket2_Windows_Linux_360.cpp
  RakNetSocket2_Windows_Linux.cpp
  RakNetSocket2_Vita.cpp
  RakNetSocket2_PS4.cpp
  RakNetSocket2_PS3_PS4.cpp
  RakNetSocket2_NativeClient.cpp
  RakNetSocket2_Berkley_NativeClient.cpp
  RakNetSocket2_Berkley.cpp
  RakNetSocket2_360_720.cpp
  RakNetSocket2.cpp
  RakNetSocket.cpp
  RakNetCommandParser.cpp
  RakMemoryOverride.cpp
  Rackspace.cpp
  PS4Includes.cpp
  PluginInterface2.cpp
  PacketOutputWindowLogger.cpp
  PacketLogger.cpp
  正在生成代码...
  正在编译...
  PacketizedTCP.cpp
  PacketFileLogger.cpp
  PacketConsoleLogger.cpp
  NetworkIDObject.cpp
  NetworkIDManager.cpp
  NatTypeDetectionServer.cpp
  NatTypeDetectionCommon.cpp
  NatTypeDetectionClient.cpp
  NatPunchthroughServer.cpp
  NatPunchthroughClient.cpp
  MessageFilter.cpp
  LogCommandParser.cpp
  LocklessTypes.cpp
  LinuxStrings.cpp
  Itoa.cpp
  IncrementalReadInterface.cpp
  HTTPConnection2.cpp
  HTTPConnection.cpp
  GridSectorizer.cpp
  gettimeofday.cpp
  正在生成代码...
  正在编译...
  GetTime.cpp
  Gets.cpp
  Getche.cpp
  FullyConnectedMesh2.cpp
  FormatString.cpp
  FileOperations.cpp
  FileListTransfer.cpp
  FileList.cpp
  EpochTimeToString.cpp
  EmailSender.cpp
  DynDNS.cpp
  DS_Table.cpp
  DS_HuffmanEncodingTree.cpp
  DS_ByteQueue.cpp
  DS_BytePool.cpp
  DR_SHA1.cpp
  DirectoryDeltaTransfer.cpp
  DataCompressor.cpp
  ConsoleServer.cpp
  ConnectionGraph2.cpp
  正在生成代码...
  正在编译...
  CommandParserInterface.cpp
  CloudServer.cpp
  CloudCommon.cpp
  CloudClient.cpp
  CheckSum.cpp
  CCRakNetUDT.cpp
  CCRakNetSlidingWindow.cpp
  BitStream.cpp
  Base64Encoder.cpp
  _FindFirst.cpp
  osx_adapter.cpp
  linux_adapter.cpp
  正在生成代码...
    正在创建库 D:\GIT\IrrShootingSimulator\lib\slikenet\Lib\SLikeNet_DLL_Debug_Win32.lib 和对象 D:\GIT\IrrShootingSimulator\lib\slikenet\Lib\SLikeNet_DLL_Debug_Win32.exp
  DLL.vcxproj -> D:\GIT\IrrShootingSimulator\lib\slikenet\Lib\SLikeNet_DLL_Debug_Win32.dll
