  main.cpp
D:\GIT\IrrShootingSimulator\source\src\common.h(1,1): warning C4819: 该文件包含不能在当前代码页(936)中表示的字符。请将该文件保存为 Unicode 格式以防止数据丢失
D:\GIT\IrrShootingSimulator\lib\irrlicht-1.8.4\include\Keycodes.h(1,1): warning C4819: 该文件包含不能在当前代码页(936)中表示的字符。请将该文件保存为 Unicode 格式以防止数据丢失
D:\GIT\IrrShootingSimulator\source\src\netManager.h(1,1): warning C4819: 该文件包含不能在当前代码页(936)中表示的字符。请将该文件保存为 Unicode 格式以防止数据丢失
D:\GIT\IrrShootingSimulator\source\src\netManager.h(43,9): warning C4068: 未知的 pragma
D:\GIT\IrrShootingSimulator\source\src\main.cpp(115,8): warning C4101: “animation”: 未引用的局部变量
D:\GIT\IrrShootingSimulator\source\src\main.cpp(282,23): warning C4018: “<”: 有符号/无符号不匹配
D:\GIT\IrrShootingSimulator\source\src\main.cpp(286,54): warning C4244: “参数”: 从“int”转换到“T”，可能丢失数据
          with
          [
              T=irr::f32
          ]
D:\GIT\IrrShootingSimulator\source\src\main.cpp(298,27): warning C4244: “=”: 从“irr::f32”转换到“irr::s32”，可能丢失数据
D:\GIT\IrrShootingSimulator\source\src\main.cpp(300,69): warning C4244: “参数”: 从“irr::f32”转换到“T”，可能丢失数据
          with
          [
              T=irr::s32
          ]
D:\GIT\IrrShootingSimulator\source\src\main.cpp(301,49): warning C4244: “参数”: 从“irr::f32”转换到“T”，可能丢失数据
          with
          [
              T=irr::s32
          ]
D:\GIT\IrrShootingSimulator\source\src\main.cpp(303,69): warning C4244: “参数”: 从“irr::f32”转换到“T”，可能丢失数据
          with
          [
              T=irr::s32
          ]
D:\GIT\IrrShootingSimulator\source\src\main.cpp(304,49): warning C4244: “参数”: 从“irr::f32”转换到“T”，可能丢失数据
          with
          [
              T=irr::s32
          ]
D:\GIT\IrrShootingSimulator\source\src\main.cpp(306,86): warning C4244: “参数”: 从“irr::f32”转换到“T”，可能丢失数据
          with
          [
              T=irr::s32
          ]
D:\GIT\IrrShootingSimulator\source\src\main.cpp(307,66): warning C4244: “参数”: 从“irr::f32”转换到“T”，可能丢失数据
          with
          [
              T=irr::s32
          ]
D:\GIT\IrrShootingSimulator\source\src\main.cpp(309,86): warning C4244: “参数”: 从“irr::f32”转换到“T”，可能丢失数据
          with
          [
              T=irr::s32
          ]
D:\GIT\IrrShootingSimulator\source\src\main.cpp(310,66): warning C4244: “参数”: 从“irr::f32”转换到“T”，可能丢失数据
          with
          [
              T=irr::s32
          ]
  IrrWindows.vcxproj -> D:\GIT\IrrShootingSimulator\VS\IrrWindows\Debug\IrrWindows.exe
